Drill report for leverless_controller_3board.kicad_pcb
Created on 2024-07-30T01:48:29-0700

Copper Layer Stackup:
    =============================================================
    L1 :  F.Cu                      front
    L2 :  B.Cu                      back


Drill file 'leverless_controller_3board.drl' contains
    plated through holes:
    =============================================================
    T1  0.350mm  0.0138"  (9 holes)
    T2  0.400mm  0.0157"  (35 holes)
    T3  0.500mm  0.0197"  (2 holes)
    T4  0.600mm  0.0236"  (4 holes)  (with 4 slots)
    T5  0.700mm  0.0276"  (3 holes)
    T6  1.500mm  0.0591"  (8 holes)

    Total plated holes count 61


Not plated through holes are merged with plated holes
    unplated through holes:
    =============================================================
    T7  0.600mm  0.0236"  (2 holes)
    T8  1.750mm  0.0689"  (36 holes)
    T9  3.048mm  0.1200"  (2 holes)
    T10  3.050mm  0.1201"  (28 holes)
    T11  3.200mm  0.1260"  (14 holes)
    T12  3.988mm  0.1570"  (2 holes)
    T13  4.000mm  0.1575"  (18 holes)

    Total unplated holes count 102
